#
# There is insufficient memory for the Java Runtime Environment to continue.
# Native memory allocation (malloc) failed to allocate 907376 bytes for Chunk::new
# Possible reasons:
#   The system is out of physical RAM or swap space
#   In 32 bit mode, the process size limit was hit
# Possible solutions:
#   Reduce memory load on the system
#   Increase physical memory or swap space
#   Check if swap backing store is full
#   Use 64 bit Java on a 64 bit OS
#   Decrease Java heap size (-Xmx/-Xms)
#   Decrease number of Java threads
#   Decrease Java thread stack sizes (-Xss)
#   Set larger code cache with -XX:ReservedCodeCacheSize=
# This output file may be truncated or incomplete.
#
#  Out of Memory Error (allocation.cpp:390), pid=12652, tid=0x00000000000031a4
#
# JRE version: Java(TM) SE Runtime Environment (8.0_92-b14) (build 1.8.0_92-b14)
# Java VM: Java HotSpot(TM) 64-Bit Server VM (25.92-b14 mixed mode windows-amd64 compressed oops)
# Failed to write core dump. Minidumps are not enabled by default on client versions of Windows
#

---------------  T H R E A D  ---------------

Current thread (0x00000000175fe000):  JavaThread "C2 CompilerThread1" daemon [_thread_in_native, id=12708, stack(0x0000000018ef0000,0x0000000018ff0000)]

Stack: [0x0000000018ef0000,0x0000000018ff0000]
[error occurred during error reporting (printing stack bounds), id 0xc0000005]

Native frames: (J=compiled Java code, j=interpreted, Vv=VM code, C=native code)


Current CompileTask:
C2:  45862 5007       4       org.springframework.util.ReflectionUtils::findMethod (111 bytes)


---------------  P R O C E S S  ---------------

Java Threads: ( => current thread )
  0x000000001feae000 JavaThread "Abandoned connection cleanup thread" daemon [_thread_blocked, id=13212, stack(0x00000000251e0000,0x00000000252e0000)]
  0x000000001e947800 JavaThread "container-0" [_thread_blocked, id=13168, stack(0x00000000250c0000,0x00000000251c0000)]
  0x000000001b8d1000 JavaThread "ContainerBackgroundProcessor[StandardEngine[Tomcat]]" daemon [_thread_blocked, id=13152, stack(0x0000000024fb0000,0x00000000250b0000)]
  0x0000000019021000 JavaThread "Service Thread" daemon [_thread_blocked, id=12716, stack(0x00000000195a0000,0x00000000196a0000)]
  0x00000000175ff000 JavaThread "C1 CompilerThread2" daemon [_thread_blocked, id=12712, stack(0x0000000018970000,0x0000000018a70000)]
=>0x00000000175fe000 JavaThread "C2 CompilerThread1" daemon [_thread_in_native, id=12708, stack(0x0000000018ef0000,0x0000000018ff0000)]
  0x00000000175fc000 JavaThread "C2 CompilerThread0" daemon [_thread_blocked, id=12704, stack(0x0000000018de0000,0x0000000018ee0000)]
  0x00000000175f8800 JavaThread "Attach Listener" daemon [_thread_blocked, id=12700, stack(0x0000000018be0000,0x0000000018ce0000)]
  0x00000000175f6000 JavaThread "Signal Dispatcher" daemon [_thread_blocked, id=12696, stack(0x0000000018ac0000,0x0000000018bc0000)]
  0x00000000175db000 JavaThread "Finalizer" daemon [_thread_blocked, id=12692, stack(0x0000000018520000,0x0000000018620000)]
  0x0000000017593000 JavaThread "Reference Handler" daemon [_thread_blocked, id=12688, stack(0x0000000018850000,0x0000000018950000)]
  0x0000000001ec8000 JavaThread "main" [_thread_in_native, id=12664, stack(0x00000000021a0000,0x00000000022a0000)]

Other Threads:
  0x000000001758b800 VMThread [stack: 0x00000000186b0000,0x00000000187b0000] [id=12684]
  0x0000000019076800 WatcherThread [stack: 0x0000000019470000,0x0000000019570000] [id=12720]

VM state:not at safepoint (normal execution)

VM Mutex/Monitor currently owned by a thread: None

Heap:
 PSYoungGen      total 415744K, used 317644K [0x00000000d5d00000, 0x00000000f3400000, 0x0000000100000000)
  eden space 403968K, 78% used [0x00000000d5d00000,0x00000000e9333178,0x00000000ee780000)
  from space 11776K, 0% used [0x00000000ef380000,0x00000000ef380000,0x00000000eff00000)
  to   space 12288K, 0% used [0x00000000ee780000,0x00000000ee780000,0x00000000ef380000)
 ParOldGen       total 79872K, used 21404K [0x0000000081600000, 0x0000000086400000, 0x00000000d5d00000)
  object space 79872K, 26% used [0x0000000081600000,0x0000000082ae7168,0x0000000086400000)
 Metaspace       used 45015K, capacity 45544K, committed 45952K, reserved 1091584K
  class space    used 5874K, capacity 6000K, committed 6016K, reserved 1048576K

Card table byte_map: [0x0000000011c20000,0x0000000012020000] byte_map_base: 0x0000000011815000

Marking Bits: (ParMarkBitMap*) 0x0000000051b264f0
 Begin Bits: [0x00000000128b0000, 0x0000000014858000)
 End Bits:   [0x0000000014858000, 0x0000000016800000)

Polling page: 0x0000000000330000

CodeCache: size=245760Kb used=15440Kb max_used=15464Kb free=230319Kb
 bounds [0x0000000002860000, 0x0000000003790000, 0x0000000011860000]
 total_blobs=4634 nmethods=4135 adapters=411
 compilation: enabled

Compilation events (10 events):
Event: 44.892 Thread 0x00000000175ff000 nmethod 5019 0x000000000374cc10 code [0x000000000374cd80, 0x000000000374d088]
Event: 44.892 Thread 0x00000000175ff000 5021       3       org.springframework.cglib.reflect.FastClassEmitter$GetIndexCallback::processCase (31 bytes)
Event: 44.892 Thread 0x00000000175ff000 nmethod 5021 0x0000000003776150 code [0x0000000003776340, 0x0000000003776d28]
Event: 44.892 Thread 0x00000000175ff000 5018       3       java.beans.PropertyDescriptor::setPropertyEditorClass (9 bytes)
Event: 44.892 Thread 0x00000000175ff000 nmethod 5018 0x0000000003777210 code [0x00000000037773a0, 0x0000000003777728]
Event: 45.076 Thread 0x00000000175fc000 nmethod 5003 0x000000000377ef10 code [0x000000000377f640, 0x0000000003783e10]
Event: 45.076 Thread 0x00000000175fc000 5010       4       org.springframework.asm.MethodVisitor::visitLabel (16 bytes)
Event: 45.087 Thread 0x00000000175fc000 nmethod 5010 0x000000000377add0 code [0x000000000377af40, 0x000000000377b638]
Event: 45.087 Thread 0x00000000175fc000 5012       4       org.springframework.asm.Type::getOpcode (60 bytes)
Event: 45.087 Thread 0x00000000175fc000 nmethod 5012 0x0000000003405d10 code [0x0000000003405e40, 0x0000000003405ef8]

GC Heap History (10 events):
Event: 27.340 GC heap before
{Heap before GC invocations=18 (full 1):
 PSYoungGen      total 295936K, used 294166K [0x00000000d5d00000, 0x00000000eaa00000, 0x0000000100000000)
  eden space 286720K, 100% used [0x00000000d5d00000,0x00000000e7500000,0x00000000e7500000)
  from space 9216K, 80% used [0x00000000e7f00000,0x00000000e8645828,0x00000000e8800000)
  to   space 10240K, 0% used [0x00000000e7500000,0x00000000e7500000,0x00000000e7f00000)
 ParOldGen       total 61440K, used 15022K [0x0000000081600000, 0x0000000085200000, 0x00000000d5d00000)
  object space 61440K, 24% used [0x0000000081600000,0x00000000824abab0,0x0000000085200000)
 Metaspace       used 26282K, capacity 26650K, committed 27008K, reserved 1073152K
  class space    used 3323K, capacity 3430K, committed 3456K, reserved 1048576K
Event: 27.364 GC heap after
Heap after GC invocations=18 (full 1):
 PSYoungGen      total 296960K, used 6974K [0x00000000d5d00000, 0x00000000ec480000, 0x0000000100000000)
  eden space 286720K, 0% used [0x00000000d5d00000,0x00000000d5d00000,0x00000000e7500000)
  from space 10240K, 68% used [0x00000000e7500000,0x00000000e7bcf890,0x00000000e7f00000)
  to   space 10240K, 0% used [0x00000000eba80000,0x00000000eba80000,0x00000000ec480000)
 ParOldGen       total 61440K, used 15182K [0x0000000081600000, 0x0000000085200000, 0x00000000d5d00000)
  object space 61440K, 24% used [0x0000000081600000,0x00000000824d3ab0,0x0000000085200000)
 Metaspace       used 26282K, capacity 26650K, committed 27008K, reserved 1073152K
  class space    used 3323K, capacity 3430K, committed 3456K, reserved 1048576K
}
Event: 34.310 GC heap before
{Heap before GC invocations=19 (full 1):
 PSYoungGen      total 296960K, used 293694K [0x00000000d5d00000, 0x00000000ec480000, 0x0000000100000000)
  eden space 286720K, 100% used [0x00000000d5d00000,0x00000000e7500000,0x00000000e7500000)
  from space 10240K, 68% used [0x00000000e7500000,0x00000000e7bcf890,0x00000000e7f00000)
  to   space 10240K, 0% used [0x00000000eba80000,0x00000000eba80000,0x00000000ec480000)
 ParOldGen       total 61440K, used 15182K [0x0000000081600000, 0x0000000085200000, 0x00000000d5d00000)
  object space 61440K, 24% used [0x0000000081600000,0x00000000824d3ab0,0x0000000085200000)
 Metaspace       used 31271K, capacity 31698K, committed 32000K, reserved 1077248K
  class space    used 3944K, capacity 4042K, committed 4096K, reserved 1048576K
Event: 34.328 GC heap after
Heap after GC invocations=19 (full 1):
 PSYoungGen      total 349696K, used 7427K [0x00000000d5d00000, 0x00000000ec200000, 0x0000000100000000)
  eden space 342016K, 0% used [0x00000000d5d00000,0x00000000d5d00000,0x00000000eab00000)
  from space 7680K, 96% used [0x00000000eba80000,0x00000000ec1c0ed8,0x00000000ec200000)
  to   space 10752K, 0% used [0x00000000ead00000,0x00000000ead00000,0x00000000eb780000)
 ParOldGen       total 61440K, used 17762K [0x0000000081600000, 0x0000000085200000, 0x00000000d5d00000)
  object space 61440K, 28% used [0x0000000081600000,0x0000000082758ad0,0x0000000085200000)
 Metaspace       used 31271K, capacity 31698K, committed 32000K, reserved 1077248K
  class space    used 3944K, capacity 4042K, committed 4096K, reserved 1048576K
}
Event: 39.173 GC heap before
{Heap before GC invocations=20 (full 1):
 PSYoungGen      total 349696K, used 349443K [0x00000000d5d00000, 0x00000000ec200000, 0x0000000100000000)
  eden space 342016K, 100% used [0x00000000d5d00000,0x00000000eab00000,0x00000000eab00000)
  from space 7680K, 96% used [0x00000000eba80000,0x00000000ec1c0ed8,0x00000000ec200000)
  to   space 10752K, 0% used [0x00000000ead00000,0x00000000ead00000,0x00000000eb780000)
 ParOldGen       total 61440K, used 17762K [0x0000000081600000, 0x0000000085200000, 0x00000000d5d00000)
  object space 61440K, 28% used [0x0000000081600000,0x0000000082758ad0,0x0000000085200000)
 Metaspace       used 34624K, capacity 35038K, committed 35456K, reserved 1079296K
  class space    used 4501K, capacity 4620K, committed 4736K, reserved 1048576K
Event: 39.196 GC heap after
Heap after GC invocations=20 (full 1):
 PSYoungGen      total 354816K, used 9630K [0x00000000d5d00000, 0x00000000eff00000, 0x0000000100000000)
  eden space 344064K, 0% used [0x00000000d5d00000,0x00000000d5d00000,0x00000000ead00000)
  from space 10752K, 89% used [0x00000000ead00000,0x00000000eb667a20,0x00000000eb780000)
  to   space 11776K, 0% used [0x00000000ef380000,0x00000000ef380000,0x00000000eff00000)
 ParOldGen       total 61440K, used 21832K [0x0000000081600000, 0x0000000085200000, 0x00000000d5d00000)
  object space 61440K, 35% used [0x0000000081600000,0x0000000082b521f8,0x0000000085200000)
 Metaspace       used 34624K, capacity 35038K, committed 35456K, reserved 1079296K
  class space    used 4501K, capacity 4620K, committed 4736K, reserved 1048576K
}
Event: 39.244 GC heap before
{Heap before GC invocations=21 (full 1):
 PSYoungGen      total 354816K, used 19220K [0x00000000d5d00000, 0x00000000eff00000, 0x0000000100000000)
  eden space 344064K, 2% used [0x00000000d5d00000,0x00000000d665d7e0,0x00000000ead00000)
  from space 10752K, 89% used [0x00000000ead00000,0x00000000eb667a20,0x00000000eb780000)
  to   space 11776K, 0% used [0x00000000ef380000,0x00000000ef380000,0x00000000eff00000)
 ParOldGen       total 61440K, used 21832K [0x0000000081600000, 0x0000000085200000, 0x00000000d5d00000)
  object space 61440K, 35% used [0x0000000081600000,0x0000000082b521f8,0x0000000085200000)
 Metaspace       used 34803K, capacity 35198K, committed 35456K, reserved 1079296K
  class space    used 4536K, capacity 4652K, committed 4736K, reserved 1048576K
Event: 39.251 GC heap after
Heap after GC invocations=21 (full 1):
 PSYoungGen      total 415744K, used 1184K [0x00000000d5d00000, 0x00000000f3400000, 0x0000000100000000)
  eden space 403968K, 0% used [0x00000000d5d00000,0x00000000d5d00000,0x00000000ee780000)
  from space 11776K, 10% used [0x00000000ef380000,0x00000000ef4a8000,0x00000000eff00000)
  to   space 12288K, 0% used [0x00000000ee780000,0x00000000ee780000,0x00000000ef380000)
 ParOldGen       total 61440K, used 21840K [0x0000000081600000, 0x0000000085200000, 0x00000000d5d00000)
  object space 61440K, 35% used [0x0000000081600000,0x0000000082b541f8,0x0000000085200000)
 Metaspace       used 34803K, capacity 35198K, committed 35456K, reserved 1079296K
  class space    used 4536K, capacity 4652K, committed 4736K, reserved 1048576K
}
Event: 39.251 GC heap before
{Heap before GC invocations=22 (full 2):
 PSYoungGen      total 415744K, used 1184K [0x00000000d5d00000, 0x00000000f3400000, 0x0000000100000000)
  eden space 403968K, 0% used [0x00000000d5d00000,0x00000000d5d00000,0x00000000ee780000)
  from space 11776K, 10% used [0x00000000ef380000,0x00000000ef4a8000,0x00000000eff00000)
  to   space 12288K, 0% used [0x00000000ee780000,0x00000000ee780000,0x00000000ef380000)
 ParOldGen       total 61440K, used 21840K [0x0000000081600000, 0x0000000085200000, 0x00000000d5d00000)
  object space 61440K, 35% used [0x0000000081600000,0x0000000082b541f8,0x0000000085200000)
 Metaspace       used 34803K, capacity 35198K, committed 35456K, reserved 1079296K
  class space    used 4536K, capacity 4652K, committed 4736K, reserved 1048576K
Event: 39.437 GC heap after
Heap after GC invocations=22 (full 2):
 PSYoungGen      total 415744K, used 0K [0x00000000d5d00000, 0x00000000f3400000, 0x0000000100000000)
  eden space 403968K, 0% used [0x00000000d5d00000,0x00000000d5d00000,0x00000000ee780000)
  from space 11776K, 0% used [0x00000000ef380000,0x00000000ef380000,0x00000000eff00000)
  to   space 12288K, 0% used [0x00000000ee780000,0x00000000ee780000,0x00000000ef380000)
 ParOldGen       total 79872K, used 21404K [0x0000000081600000, 0x0000000086400000, 0x00000000d5d00000)
  object space 79872K, 26% used [0x0000000081600000,0x0000000082ae7168,0x0000000086400000)
 Metaspace       used 34803K, capacity 35198K, committed 35456K, reserved 1079296K
  class space    used 4536K, capacity 4652K, committed 4736K, reserved 1048576K
}

Deoptimization events (10 events):
Event: 44.358 Thread 0x0000000001ec8000 Uncommon trap: reason=class_check action=maybe_recompile pc=0x00000000034a5ce0 method=org.springframework.beans.factory.support.AbstractBeanFactory.isTypeMatch(Ljava/lang/String;Lorg/springframework/core/ResolvableType;)Z @ 37
Event: 44.378 Thread 0x0000000001ec8000 Uncommon trap: reason=class_check action=maybe_recompile pc=0x00000000034a5ce0 method=org.springframework.beans.factory.support.AbstractBeanFactory.isTypeMatch(Ljava/lang/String;Lorg/springframework/core/ResolvableType;)Z @ 37
Event: 44.380 Thread 0x0000000001ec8000 Uncommon trap: reason=class_check action=maybe_recompile pc=0x00000000034a5ce0 method=org.springframework.beans.factory.support.AbstractBeanFactory.isTypeMatch(Ljava/lang/String;Lorg/springframework/core/ResolvableType;)Z @ 37
Event: 44.417 Thread 0x0000000001ec8000 Uncommon trap: reason=class_check action=maybe_recompile pc=0x0000000003381dac method=org.springframework.asm.ClassReader.readCode(Lorg/springframework/asm/MethodVisitor;Lorg/springframework/asm/Context;I)V @ 2180
Event: 44.710 Thread 0x0000000001ec8000 Uncommon trap: reason=unstable_if action=reinterpret pc=0x0000000002b9e114 method=org.springframework.asm.Frame.merge(Lorg/springframework/asm/ClassWriter;Lorg/springframework/asm/Frame;I)Z @ 378
Event: 44.712 Thread 0x0000000001ec8000 Uncommon trap: reason=unstable_if action=reinterpret pc=0x00000000034207d8 method=org.springframework.asm.Frame.merge(Lorg/springframework/asm/ClassWriter;I[II)Z @ 19
Event: 44.885 Thread 0x0000000001ec8000 Uncommon trap: reason=unstable_if action=reinterpret pc=0x00000000031f3dc8 method=org.springframework.util.StringUtils.cleanPath(Ljava/lang/String;)Ljava/lang/String; @ 68
Event: 44.896 Thread 0x0000000001ec8000 Uncommon trap: reason=unstable_if action=reinterpret pc=0x0000000002a4d084 method=org.springframework.util.AntPathMatcher.doMatch(Ljava/lang/String;Ljava/lang/String;ZLjava/util/Map;)Z @ 106
Event: 44.898 Thread 0x0000000001ec8000 Uncommon trap: reason=class_check action=maybe_recompile pc=0x0000000003023bf4 method=org.springframework.core.io.AbstractResource.toString()Ljava/lang/String; @ 1
Event: 44.898 Thread 0x0000000001ec8000 Uncommon trap: reason=class_check action=maybe_recompile pc=0x0000000003023bf4 method=org.springframework.core.io.AbstractResource.toString()Ljava/lang/String; @ 1

Internal exceptions (10 events):
Event: 44.861 Thread 0x0000000001ec8000 Exception <a 'java/lang/ClassNotFoundException': org/activiti/spring/SpringCallerRunsRejectedJobsHandlerCustomizer> (0x00000000e82bae50) thrown at [D:\re\workspace\8-2-build-windows-amd64-cygwin\jdk8u92\6642\hotspot\src\share\vm\classfile\systemDictionary.Ã⁄+sgnF@
Event: 44.863 Thread 0x0000000001ec8000 Exception <a 'java/lang/ClassNotFoundException': org/activiti/spring/SpringRejectedJobsHandlerCustomizer> (0x00000000e8328230) thrown at [D:\re\workspace\8-2-build-windows-amd64-cygwin\jdk8u92\6642\hotspot\src\share\vm\classfile\systemDictionary.cpp, line 8è¬[ÅnF@
Event: 44.863 Thread 0x0000000001ec8000 Exception <a 'java/lang/AbstractMethodError'> (0x00000000e8333890) thrown at [D:\re\workspace\8-2-build-windows-amd64-cygwin\jdk8u92\6642\hotspot\src\share\vm\interpreter\interpreterRuntime.cpp, line 529]
Event: 44.863 Thread 0x0000000001ec8000 Exception <a 'java/lang/AbstractMethodError'> (0x00000000e83357f8) thrown at [D:\re\workspace\8-2-build-windows-amd64-cygwin\jdk8u92\6642\hotspot\src\share\vm\interpreter\interpreterRuntime.cpp, line 529]
Event: 44.877 Thread 0x0000000001ec8000 Exception <a 'java/lang/ClassNotFoundException': java/lang/ObjectCustomizer> (0x00000000e83debc0) thrown at [D:\re\workspace\8-2-build-windows-amd64-cygwin\jdk8u92\6642\hotspot\src\share\vm\classfile\systemDictionary.cpp, line 210]
Event: 44.878 Thread 0x0000000001ec8000 Exception <a 'java/lang/ClassNotFoundException': org/activiti/engine/impl/asyncexecutor/AbstractAsyncJobExecutorCustomizer> (0x00000000e8455690) thrown at [D:\re\workspace\8-2-build-windows-amd64-cygwin\jdk8u92\6642\hotspot\src\share\vm\classfile\systemDicô®	Ø{pF@
Event: 44.879 Thread 0x0000000001ec8000 Exception <a 'java/lang/ClassNotFoundException': org/activiti/engine/impl/asyncexecutor/DefaultAsyncJobExecutorCustomizer> (0x00000000e84f0230) thrown at [D:\re\workspace\8-2-build-windows-amd64-cygwin\jdk8u92\6642\hotspot\src\share\vm\classfile\systemDict‘–HãëpF@
Event: 44.879 Thread 0x0000000001ec8000 Exception <a 'java/lang/ClassNotFoundException': org/activiti/spring/SpringAsyncExecutorCustomizer> (0x00000000e856dad8) thrown at [D:\re\workspace\8-2-build-windows-amd64-cygwin\jdk8u92\6642\hotspot\src\share\vm\classfile\systemDictionary.cpp, line 210]
Event: 44.880 Thread 0x0000000001ec8000 Exception <a 'java/lang/ClassNotFoundException': org/activiti/engine/impl/asyncexecutor/AsyncExecutorCustomizer> (0x00000000e85f5928) thrown at [D:\re\workspace\8-2-build-windows-amd64-cygwin\jdk8u92\6642\hotspot\src\share\vm\classfile\systemDictionary.cpp
Event: 44.882 Thread 0x0000000001ec8000 Exception <a 'java/lang/AbstractMethodError'> (0x00000000e8643fd8) thrown at [D:\re\workspace\8-2-build-windows-amd64-cygwin\jdk8u92\6642\hotspot\src\share\vm\interpreter\interpreterRuntime.cpp, line 529]

Events (10 events):
Event: 45.278 loading class org/activiti/engine/impl/ManagementServiceImpl
Event: 45.278 loading class org/activiti/engine/impl/ManagementServiceImpl done
Event: 45.299 loading class org/activiti/engine/management/TablePageQuery
Event: 45.299 loading class org/activiti/engine/management/TablePageQuery done
Event: 45.300 loading class org/activiti/engine/runtime/JobQuery
Event: 45.300 loading class org/activiti/engine/runtime/JobQuery done
Event: 45.303 loading class org/activiti/engine/impl/DynamicBpmnServiceImpl
Event: 45.303 loading class org/activiti/engine/impl/DynamicBpmnServiceImpl done
Event: 45.629 loading class org/activiti/engine/DynamicBpmnConstants
Event: 45.629 loading class org/activiti/engine/DynamicBpmnConstants done


Dynamic libraries:
0x000000013f350000 - 0x000000013f387000 	C:\Java8\bin\java.exe
0x0000000077b40000 - 0x0000000077cea000 	C:\WINDOWS\SYSTEM32\ntdll.dll
0x0000000077a20000 - 0x0000000077b3f000 	C:\WINDOWS\system32\kernel32.dll
0x000007fefdc00000 - 0x000007fefdc6a000 	C:\WINDOWS\system32\KERNELBASE.dll
0x00000000755d0000 - 0x0000000075659000 	C:\WINDOWS\System32\SYSFER.DLL
0x000007fefdd20000 - 0x000007fefddfb000 	C:\WINDOWS\system32\ADVAPI32.dll
0x000007fefdc80000 - 0x000007fefdd1f000 	C:\WINDOWS\system32\msvcrt.dll
0x000007fefee00000 - 0x000007fefee1f000 	C:\WINDOWS\SYSTEM32\sechost.dll
0x000007feff180000 - 0x000007feff2ad000 	C:\WINDOWS\system32\RPCRT4.dll
0x0000000077920000 - 0x0000000077a1a000 	C:\WINDOWS\system32\USER32.dll
0x000007fefeba0000 - 0x000007fefec07000 	C:\WINDOWS\system32\GDI32.dll
0x000007fefde00000 - 0x000007fefde0e000 	C:\WINDOWS\system32\LPK.dll
0x000007fefee20000 - 0x000007fefeeea000 	C:\WINDOWS\system32\USP10.dll
0x000007fef60b0000 - 0x000007fef62a4000 	C:\WINDOWS\WinSxS\amd64_microsoft.windows.common-controls_6595b64144ccf1df_6.0.7601.18837_none_fa3b1e3d17594757\COMCTL32.dll
0x000007fefeef0000 - 0x000007fefef61000 	C:\WINDOWS\system32\SHLWAPI.dll
0x0000000077d00000 - 0x0000000077d07000 	C:\WINDOWS\system32\psapi.dll
0x000007fefef70000 - 0x000007fefef9e000 	C:\WINDOWS\system32\IMM32.DLL
0x000007feffca0000 - 0x000007feffda9000 	C:\WINDOWS\system32\MSCTF.dll
0x000000006bbf0000 - 0x000000006bcc2000 	C:\Java8\bin\msvcr100.dll
0x0000000051310000 - 0x0000000051ba6000 	C:\Java8\bin\server\jvm.dll
0x000007fef0e20000 - 0x000007fef0e29000 	C:\WINDOWS\system32\WSOCK32.dll
0x000007feff650000 - 0x000007feff69d000 	C:\WINDOWS\system32\WS2_32.dll
0x000007feff350000 - 0x000007feff358000 	C:\WINDOWS\system32\NSI.dll
0x000007fef4760000 - 0x000007fef479b000 	C:\WINDOWS\system32\WINMM.dll
0x000007fefca80000 - 0x000007fefca8c000 	C:\WINDOWS\system32\VERSION.dll
0x0000000072d80000 - 0x0000000072d8f000 	C:\Java8\bin\verify.dll
0x0000000072d50000 - 0x0000000072d79000 	C:\Java8\bin\java.dll
0x0000000072d20000 - 0x0000000072d36000 	C:\Java8\bin\zip.dll
0x000007fefde10000 - 0x000007fefeb99000 	C:\WINDOWS\system32\SHELL32.dll
0x000007feff440000 - 0x000007feff643000 	C:\WINDOWS\system32\ole32.dll
0x000007fefd8c0000 - 0x000007fefd8cf000 	C:\WINDOWS\system32\profapi.dll
0x0000000072d00000 - 0x0000000072d1a000 	C:\Java8\bin\net.dll
0x000007fefd160000 - 0x000007fefd1b5000 	C:\WINDOWS\system32\mswsock.dll
0x000007fefd150000 - 0x000007fefd157000 	C:\WINDOWS\System32\wship6.dll
0x000007fef4350000 - 0x000007fef4365000 	C:\WINDOWS\system32\NLAapi.dll
0x000007fee7ae0000 - 0x000007fee7af5000 	C:\WINDOWS\system32\napinsp.dll
0x000007fee77f0000 - 0x000007fee7809000 	C:\WINDOWS\system32\pnrpnsp.dll
0x000007fefcfe0000 - 0x000007fefd03b000 	C:\WINDOWS\system32\DNSAPI.dll
0x000007fee7ad0000 - 0x000007fee7adb000 	C:\WINDOWS\System32\winrnr.dll
0x000007fef5050000 - 0x000007fef5071000 	C:\WINDOWS\FireEye\NamespaceToEvents_00.dll
0x000007fef6790000 - 0x000007fef6797000 	C:\WINDOWS\System32\wshtcpip.dll
0x000007fefcaa0000 - 0x000007fefcac7000 	C:\WINDOWS\system32\IPHLPAPI.DLL
0x000007fefca90000 - 0x000007fefca9b000 	C:\WINDOWS\system32\WINNSI.DLL
0x000007fef4ef0000 - 0x000007fef4ef8000 	C:\WINDOWS\system32\rasadhlp.dll
0x000007fef4e90000 - 0x000007fef4ee3000 	C:\WINDOWS\System32\fwpuclnt.dll
0x0000000072cd0000 - 0x0000000072cdd000 	C:\Java8\bin\management.dll
0x0000000072ce0000 - 0x0000000072cf1000 	C:\Java8\bin\nio.dll
0x000007fefd1c0000 - 0x000007fefd1d8000 	C:\WINDOWS\system32\CRYPTSP.dll
0x000007fefce00000 - 0x000007fefce47000 	C:\WINDOWS\system32\rsaenh.dll
0x000007fefd980000 - 0x000007fefd99e000 	C:\WINDOWS\system32\USERENV.dll
0x000007fefd760000 - 0x000007fefd76f000 	C:\WINDOWS\system32\CRYPTBASE.dll
0x000007fef4f90000 - 0x000007fef4fa8000 	C:\WINDOWS\system32\dhcpcsvc.DLL
0x000007fef4f70000 - 0x000007fef4f81000 	C:\WINDOWS\system32\dhcpcsvc6.DLL
0x000000006db90000 - 0x000000006dbb4000 	C:\Java8\bin\sunec.dll
0x0000000072ca0000 - 0x0000000072cab000 	C:\Java8\bin\sunmscapi.dll
0x000007fefda90000 - 0x000007fefdbfd000 	C:\WINDOWS\system32\CRYPT32.dll
0x000007fefd8d0000 - 0x000007fefd8df000 	C:\WINDOWS\system32\MSASN1.dll

VM Arguments:
java_command: target/activiti-engine-5.21.0-1.0-SNAPSHOT.jar
java_class_path (initial): target/activiti-engine-5.21.0-1.0-SNAPSHOT.jar
Launcher Type: SUN_STANDARD

Environment Variables:
JAVA_HOME=C:\Program Files\Java\jdk1.8.0_92
JRE_HOME=C:\Program Files\Java\jdk1.8.0_92\jre
CLASSPATH=.;C:\PROGRA~1\IBM\SQLLIB\java\db2java.zip;C:\PROGRA~1\IBM\SQLLIB\java\db2jcc.jar;C:\PROGRA~1\IBM\SQLLIB\java\db2jcc_license_cu.jar;C:\PROGRA~1\IBM\SQLLIB\bin;C:\Program Files (x86)\IBM\WebSphere MQ\java\lib\com.ibm.mqjms.jar;C:\Program Files (x86)\IBM\WebSphere MQ\java\lib\com.ibm.mq.jar
PATH=C:\cygwin32\usr\local\bin;C:\cygwin32\bin;C:\ProgramData\Oracle\Java\javapath;C:\Java\bin;C:\WINDOWS\system32;C:\WINDOWS;C:\WINDOWS\System32\Wbem;C:\WINDOWS\System32\WindowsPowerShell\v1.0;C:\Program Files\1E\NomadBranch;C:\Program Files (x86)\BlueZone;C:\PROGRA~1\IBM\SQLLIB\BIN;C:\PROGRA~1\IBM\SQLLIB\FUNCTION;C:\Program Files\Microsoft Host Integration Server 2009\system;C:\Program Files\Microsoft Host Integration Server 2009\SysWOW64;C:\Program Files\Dell\Dell Data Protection\Encryption;C:\Program Files (x86)\MySQL\MySQL Fabric 1.5 & MySQL Utilities 1.5;C:\Program Files (x86)\MySQL\MySQL Fabric 1.5 & MySQL Utilities 1.5\Doctrine extensions for PHP;C:\Program Files (x86)\Microsoft SQL Server\110\Tools\Binn\ManagementStudio;C:\Program Files (x86)\Microsoft SQL Server\110\Tools\Binn;C:\Program Files (x86)\Microsoft Visual Studio 11.0\Common7\IDE\PrivateAssemblies;C:\Program Files (x86)\Microsoft SQL Server\110\DTS\Binn;C:\Program Files\Microsoft SQL Server\Client SDK\ODBC\110\Tools\Binn;C:\Program Files (x86)\Microsoft SQL Server\120\Tools\Binn;C:\Program Files\Microsoft SQL Server\120\Tools\Binn;C:\Program Files\Microsoft SQL Server\120\DTS\Binn;C:\Program Files (x86)\Microsoft SQL Server\120\Tools\Binn\ManagementStudio;C:\Program Files (x86)\Microsoft SQL Server\120\DTS\Binn;C:\Program Files (x86)\Skype\Phone;C:\Program Files (x86)\IBM\WebSphere MQ\bin64;C:\Program Files (x86)\IBM\WebSphere MQ\bin;C:\Program Files (x86)\IBM\WebSphere MQ\tools\c\samples\bin;C:\Program Files\IDM Computer Solutions\UltraEdit;C:\Program Files\Git\cmd;C:\Program Files\Git\mingw64\bin;C:\Program Files\Git\usr\bin;C:\nodejs;C:\Users\ag216\AppData\Local\atom\bin;C:\Microsoft VS Code\bin;C:\apache-maven-3.3.9\bin;C:\Users\ag216\AppData\Roaming\npm;C:\cygwin32\lib\lapack;C:\nodejs\
USERNAME=AG216
SHELL=/bin/bash
OS=Windows_NT
PROCESSOR_IDENTIFIER=Intel64 Family 6 Model 69 Stepping 1, GenuineIntel



---------------  S Y S T E M  ---------------

OS: Windows 7 , 64 bit Build 7601 (6.1.7601.23392)

CPU:total 4 (2 cores per cpu, 2 threads per core) family 6 model 69 stepping 1, cmov, cx8, fxsr, mmx, sse, sse2, sse3, ssse3, sse4.1, sse4.2, popcnt, avx, avx2, aes, clmul, erms, lzcnt, ht, tsc, tscinvbit, bmi1, bmi2

Memory: 4k page, physical 8291768k(742716k free), swap 15839164k(3948k free)

vm_info: Java HotSpot(TM) 64-Bit Server VM (25.92-b14) for windows-amd64 JRE (1.8.0_92-b14), built on Mar 31 2016 21:03:04 by "java_re" with MS VC++ 10.0 (VS2010)

time: Mon Nov 14 22:35:57 2016
elapsed time: 46 seconds (0d 0h 0m 46s)

